<?xml version="1.0" encoding="UTF-8"?>
<!-- Generated by org.testng.reporters.JUnitXMLReporter -->
<testsuite ignored="0" hostname="LAPTOP-UACD3O72" failures="0" tests="3" name="Default test" time="56.191" errors="0" timestamp="2025-06-10T18:59:01 IST">
  <testcase classname="shettyAcademy.tests.SubmitOrder" name="submitOrder" time="16.31"/>
  <testcase classname="shettyAcademy.tests.SubmitOrder" name="submitOrder" time="16.068"/>
  <testcase classname="shettyAcademy.tests.SubmitOrder" name="OrderHistoryTest" time="0.746"/>
</testsuite> <!-- Default test -->
