<?xml version="1.0" encoding="UTF-8"?>
<!-- Generated by org.testng.reporters.JUnitXMLReporter -->
<testsuite ignored="1" hostname="LAPTOP-UACD3O72" failures="0" tests="2" name="Test" time="44.634" errors="0" timestamp="2025-06-10T10:08:37 IST">
  <testcase classname="shettyAcademy.tests.SubmitOrder" name="submitOrder" time="15.795"/>
  <testcase classname="shettyAcademy.tests.SubmitOrder" name="submitOrder" time="15.247"/>
  <testcase classname="shettyAcademy.tests.SubmitOrder" name="OrderHistoryTest" time="0.0">
    <ignored/>
  </testcase> <!-- OrderHistoryTest -->
</testsuite> <!-- Test -->
