<?xml version="1.0" encoding="UTF-8"?>
<!-- Generated by org.testng.reporters.JUnitXMLReporter -->
<testsuite ignored="0" hostname="LAPTOP-UACD3O72" failures="0" tests="2" name="Error Validation Test" time="21.865" errors="0" timestamp="2025-06-09T22:37:38 IST">
  <testcase classname="shettyAcademy.tests.ErrorValidation" name="LoginErrorValidation" time="0.541"/>
  <testcase classname="shettyAcademy.tests.ErrorValidation" name="productErrorValidation" time="8.368"/>
</testsuite> <!-- Error Validation Test -->
