<?xml version="1.0" encoding="UTF-8"?>
<!-- Generated by org.testng.reporters.JUnitXMLReporter -->
<testsuite ignored="0" hostname="LAPTOP-UACD3O72" failures="0" tests="3" name="Submit Order Test" time="57.858" errors="0" timestamp="2025-06-09T22:37:16 IST">
  <testcase classname="shettyAcademy.tests.SubmitOrder" name="submitOrder" time="16.537"/>
  <testcase classname="shettyAcademy.tests.SubmitOrder" name="submitOrder" time="16.728"/>
  <testcase classname="shettyAcademy.tests.SubmitOrder" name="OrderHistoryTest" time="1.108"/>
</testsuite> <!-- Submit Order Test -->
