<?xml version="1.0" encoding="UTF-8"?>
<testng-results ignored="0" total="3" passed="3" failed="0" skipped="0">
  <reporter-output>
  </reporter-output>
  <suite started-at="2025-06-10T18:58:05 IST" name="Default suite" finished-at="2025-06-10T18:59:01 IST" duration-ms="56191">
    <groups>
      <group name="purchaseOrder">
        <method signature="SubmitOrder.submitOrder(java.util.HashMap)[pri:0, instance:shettyAcademy.tests.SubmitOrder@480d3575]" name="submitOrder" class="shettyAcademy.tests.SubmitOrder"/>
      </group> <!-- purchaseOrder -->
    </groups>
    <test started-at="2025-06-10T18:58:05 IST" name="Default test" finished-at="2025-06-10T18:59:01 IST" duration-ms="56191">
      <class name="shettyAcademy.tests.SubmitOrder">
        <test-method is-config="true" signature="launchapplication()[pri:0, instance:shettyAcademy.tests.SubmitOrder@480d3575]" started-at="2025-06-10T18:58:05 IST" name="launchapplication" finished-at="2025-06-10T18:58:14 IST" duration-ms="8687" status="PASS">
          <reporter-output>
          </reporter-output>
        </test-method> <!-- launchapplication -->
        <test-method signature="submitOrder(java.util.HashMap)[pri:0, instance:shettyAcademy.tests.SubmitOrder@480d3575]" started-at="2025-06-10T18:58:14 IST" name="submitOrder" data-provider="getData" finished-at="2025-06-10T18:58:30 IST" duration-ms="16310" status="PASS">
          <params>
            <param index="0">
              <value>
                <![CDATA[{productN=ZARA COAT 3, pwd=Udemy@222, email=kishor222@gmail.com}]]>
              </value>
            </param>
          </params>
          <reporter-output>
          </reporter-output>
        </test-method> <!-- submitOrder -->
        <test-method is-config="true" signature="tearDown()[pri:0, instance:shettyAcademy.tests.SubmitOrder@480d3575]" started-at="2025-06-10T18:58:30 IST" name="tearDown" finished-at="2025-06-10T18:58:33 IST" duration-ms="2212" status="PASS">
          <reporter-output>
          </reporter-output>
        </test-method> <!-- tearDown -->
        <test-method is-config="true" signature="launchapplication()[pri:0, instance:shettyAcademy.tests.SubmitOrder@480d3575]" started-at="2025-06-10T18:58:33 IST" name="launchapplication" finished-at="2025-06-10T18:58:36 IST" duration-ms="3664" status="PASS">
          <reporter-output>
          </reporter-output>
        </test-method> <!-- launchapplication -->
        <test-method signature="submitOrder(java.util.HashMap)[pri:0, instance:shettyAcademy.tests.SubmitOrder@480d3575]" started-at="2025-06-10T18:58:36 IST" name="submitOrder" data-provider="getData" finished-at="2025-06-10T18:58:52 IST" duration-ms="16068" status="PASS">
          <params>
            <param index="0">
              <value>
                <![CDATA[{productN=ADIDAS ORIGINAL, pwd=Udemy@333, email=kishorkuyate333@gmail.com}]]>
              </value>
            </param>
          </params>
          <reporter-output>
          </reporter-output>
        </test-method> <!-- submitOrder -->
        <test-method is-config="true" signature="tearDown()[pri:0, instance:shettyAcademy.tests.SubmitOrder@480d3575]" started-at="2025-06-10T18:58:52 IST" name="tearDown" finished-at="2025-06-10T18:58:55 IST" duration-ms="2230" status="PASS">
          <reporter-output>
          </reporter-output>
        </test-method> <!-- tearDown -->
        <test-method is-config="true" signature="launchapplication()[pri:0, instance:shettyAcademy.tests.SubmitOrder@480d3575]" started-at="2025-06-10T18:58:55 IST" name="launchapplication" finished-at="2025-06-10T18:58:58 IST" duration-ms="3692" status="PASS">
          <reporter-output>
          </reporter-output>
        </test-method> <!-- launchapplication -->
        <test-method signature="OrderHistoryTest()[pri:0, instance:shettyAcademy.tests.SubmitOrder@480d3575]" started-at="2025-06-10T18:58:58 IST" name="OrderHistoryTest" finished-at="2025-06-10T18:58:59 IST" depends-on-methods="shettyAcademy.tests.SubmitOrder.submitOrder" duration-ms="746" status="PASS">
          <reporter-output>
          </reporter-output>
        </test-method> <!-- OrderHistoryTest -->
        <test-method is-config="true" signature="tearDown()[pri:0, instance:shettyAcademy.tests.SubmitOrder@480d3575]" started-at="2025-06-10T18:58:59 IST" name="tearDown" finished-at="2025-06-10T18:59:01 IST" duration-ms="2225" status="PASS">
          <reporter-output>
          </reporter-output>
        </test-method> <!-- tearDown -->
      </class> <!-- shettyAcademy.tests.SubmitOrder -->
    </test> <!-- Default test -->
  </suite> <!-- Default suite -->
</testng-results>
